D:\AVLTREE\AVLTREE\DEBUG\AVL.OBJ
D:\AVLTREE\AVLTREE\DEBUG\AVLTREE.EXE.EMBED.MANIFEST
D:\AVLTREE\AVLTREE\DEBUG\AVLTREE.EXE.EMBED.MANIFEST.RES
D:\AVLTREE\AVLTREE\DEBUG\AVLTREE.EXE.INTERMEDIATE.MANIFEST
D:\AVLTree\AVLTree\Debug\AVLTree.write.1.tlog
D:\AVLTree\AVLTree\Debug\AVLTree_manifest.rc
D:\AVLTree\AVLTree\Debug\cl.command.1.tlog
D:\AVLTree\AVLTree\Debug\CL.read.1.tlog
D:\AVLTree\AVLTree\Debug\CL.write.1.tlog
D:\AVLTree\AVLTree\Debug\link.7760.read.1.tlog
D:\AVLTree\AVLTree\Debug\link.7760.write.1.tlog
D:\AVLTree\AVLTree\Debug\link.7760-cvtres.read.1.tlog
D:\AVLTree\AVLTree\Debug\link.7760-cvtres.write.1.tlog
D:\AVLTree\AVLTree\Debug\link.command.1.tlog
D:\AVLTree\AVLTree\Debug\link.read.1.tlog
D:\AVLTree\AVLTree\Debug\link.write.1.tlog
D:\AVLTree\AVLTree\Debug\link-cvtres.read.1.tlog
D:\AVLTree\AVLTree\Debug\link-cvtres.write.1.tlog
D:\AVLTree\AVLTree\Debug\mt.command.1.tlog
D:\AVLTree\AVLTree\Debug\mt.read.1.tlog
D:\AVLTree\AVLTree\Debug\mt.write.1.tlog
D:\AVLTree\AVLTree\Debug\rc.command.1.tlog
D:\AVLTree\AVLTree\Debug\rc.read.1.tlog
D:\AVLTree\AVLTree\Debug\rc.write.1.tlog
D:\AVLTree\AVLTree\Debug\vc100.idb
D:\AVLTREE\AVLTREE\DEBUG\VC100.PDB
D:\AVLTREE\DEBUG\AVLTREE.EXE
D:\AVLTREE\DEBUG\AVLTREE.ILK
D:\AVLTREE\DEBUG\AVLTREE.PDB
